[29-Sep-2021 12:42:37 UTC] PHP Parse error:  syntax error, unexpected '<', expecting end of file in C:\Users\KDerot\Local Sites\estore\app\public\wp-content\themes\storefront-child\functions.php on line 31
[29-Sep-2021 12:42:38 UTC] PHP Parse error:  syntax error, unexpected '<', expecting end of file in C:\Users\KDerot\Local Sites\estore\app\public\wp-content\themes\storefront-child\functions.php on line 31
[29-Sep-2021 12:42:40 UTC] PHP Parse error:  syntax error, unexpected '<', expecting end of file in C:\Users\KDerot\Local Sites\estore\app\public\wp-content\themes\storefront-child\functions.php on line 31
[29-Sep-2021 13:33:23 UTC] PHP Fatal error:  Uncaught ArgumentCountError: Too few arguments to function __(), 0 passed in C:\Users\KDerot\Local Sites\estore\app\public\wp-content\themes\storefront-child\functions.php on line 33 and at least 1 expected in C:\Users\KDerot\Local Sites\estore\app\public\wp-includes\l10n.php:288
Stack trace:
#0 C:\Users\KDerot\Local Sites\estore\app\public\wp-content\themes\storefront-child\functions.php(33): __()
#1 C:\Users\KDerot\Local Sites\estore\app\public\wp-includes\class-wp-hook.php(303): storefront_primary_navigation('')
#2 C:\Users\KDerot\Local Sites\estore\app\public\wp-includes\class-wp-hook.php(327): WP_Hook->apply_filters(NULL, Array)
#3 C:\Users\KDerot\Local Sites\estore\app\public\wp-includes\plugin.php(470): WP_Hook->do_action(Array)
#4 C:\Users\KDerot\Local Sites\estore\app\public\wp-content\themes\storefront-child\header.php(48): do_action('storefront_head...')
#5 C:\Users\KDerot\Local Sites\estore\app\public\wp-includes\template.php(770): require_once('C:\\Users\\KDerot...')
#6 C:\Users\KDerot\Local Site in C:\Users\KDerot\Local Sites\estore\app\public\wp-includes\l10n.php on line 288
[29-Sep-2021 13:33:36 UTC] PHP Warning:  Use of undefined constant __ - assumed '__' (this will throw an Error in a future version of PHP) in C:\Users\KDerot\Local Sites\estore\app\public\wp-content\themes\storefront-child\functions.php on line 33
[29-Sep-2021 13:33:36 UTC] PHP Stack trace:
[29-Sep-2021 13:33:36 UTC] PHP   1. {main}() C:\Users\KDerot\Local Sites\estore\app\public\index.php:0
[29-Sep-2021 13:33:36 UTC] PHP   2. require() C:\Users\KDerot\Local Sites\estore\app\public\index.php:17
[29-Sep-2021 13:33:36 UTC] PHP   3. require_once() C:\Users\KDerot\Local Sites\estore\app\public\wp-blog-header.php:19
[29-Sep-2021 13:33:36 UTC] PHP   4. include() C:\Users\KDerot\Local Sites\estore\app\public\wp-includes\template-loader.php:106
[29-Sep-2021 13:33:36 UTC] PHP   5. get_header() C:\Users\KDerot\Local Sites\estore\app\public\wp-content\themes\storefront\template-fullwidth.php:10
[29-Sep-2021 13:33:36 UTC] PHP   6. locate_template() C:\Users\KDerot\Local Sites\estore\app\public\wp-includes\general-template.php:48
[29-Sep-2021 13:33:36 UTC] PHP   7. load_template() C:\Users\KDerot\Local Sites\estore\app\public\wp-includes\template.php:716
[29-Sep-2021 13:33:36 UTC] PHP   8. require_once() C:\Users\KDerot\Local Sites\estore\app\public\wp-includes\template.php:770
[29-Sep-2021 13:33:36 UTC] PHP   9. do_action() C:\Users\KDerot\Local Sites\estore\app\public\wp-content\themes\storefront-child\header.php:48
[29-Sep-2021 13:33:36 UTC] PHP  10. WP_Hook->do_action() C:\Users\KDerot\Local Sites\estore\app\public\wp-includes\plugin.php:470
[29-Sep-2021 13:33:36 UTC] PHP  11. WP_Hook->apply_filters() C:\Users\KDerot\Local Sites\estore\app\public\wp-includes\class-wp-hook.php:327
[29-Sep-2021 13:33:36 UTC] PHP  12. storefront_primary_navigation() C:\Users\KDerot\Local Sites\estore\app\public\wp-includes\class-wp-hook.php:303
[29-Sep-2021 14:51:09 UTC] PHP Parse error:  syntax error, unexpected ';', expecting ')' in C:\Users\KDerot\Local Sites\estore\app\public\wp-content\themes\storefront-child\functions.php on line 63
[29-Sep-2021 14:51:10 UTC] PHP Parse error:  syntax error, unexpected ';', expecting ')' in C:\Users\KDerot\Local Sites\estore\app\public\wp-content\themes\storefront-child\functions.php on line 63
[30-Sep-2021 07:49:02 UTC] PHP Parse error:  syntax error, unexpected '}' in C:\Users\KDerot\Local Sites\estore\app\public\wp-content\themes\storefront-child\functions.php on line 81
[30-Sep-2021 07:49:03 UTC] PHP Parse error:  syntax error, unexpected '}' in C:\Users\KDerot\Local Sites\estore\app\public\wp-content\themes\storefront-child\functions.php on line 81
[30-Sep-2021 12:12:33 UTC] PHP Warning:  require_once(C:\Users\KDerot\Local Sites\estore\app\public\wp-content\themes\storefront-child/widgets/class-wc-widget-product-search.php): failed to open stream: No such file or directory in C:\Users\KDerot\Local Sites\estore\app\public\wp-content\themes\storefront-child\header.php on line 49
[30-Sep-2021 12:12:33 UTC] PHP Stack trace:
[30-Sep-2021 12:12:33 UTC] PHP   1. {main}() C:\Users\KDerot\Local Sites\estore\app\public\index.php:0
[30-Sep-2021 12:12:33 UTC] PHP   2. require() C:\Users\KDerot\Local Sites\estore\app\public\index.php:17
[30-Sep-2021 12:12:33 UTC] PHP   3. require_once() C:\Users\KDerot\Local Sites\estore\app\public\wp-blog-header.php:19
[30-Sep-2021 12:12:33 UTC] PHP   4. include() C:\Users\KDerot\Local Sites\estore\app\public\wp-includes\template-loader.php:106
[30-Sep-2021 12:12:33 UTC] PHP   5. get_header() C:\Users\KDerot\Local Sites\estore\app\public\wp-content\themes\storefront\template-fullwidth.php:10
[30-Sep-2021 12:12:33 UTC] PHP   6. locate_template() C:\Users\KDerot\Local Sites\estore\app\public\wp-includes\general-template.php:48
[30-Sep-2021 12:12:33 UTC] PHP   7. load_template() C:\Users\KDerot\Local Sites\estore\app\public\wp-includes\template.php:716
[30-Sep-2021 12:12:33 UTC] PHP   8. require_once() C:\Users\KDerot\Local Sites\estore\app\public\wp-includes\template.php:770
[30-Sep-2021 12:12:33 UTC] PHP Fatal error:  require_once(): Failed opening required 'C:\Users\KDerot\Local Sites\estore\app\public\wp-content\themes\storefront-child/widgets/class-wc-widget-product-search.php' (include_path='.:/usr/share/php:/www/wp-content/pear') in C:\Users\KDerot\Local Sites\estore\app\public\wp-content\themes\storefront-child\header.php on line 49
[30-Sep-2021 12:12:33 UTC] PHP Stack trace:
[30-Sep-2021 12:12:33 UTC] PHP   1. {main}() C:\Users\KDerot\Local Sites\estore\app\public\index.php:0
[30-Sep-2021 12:12:33 UTC] PHP   2. require() C:\Users\KDerot\Local Sites\estore\app\public\index.php:17
[30-Sep-2021 12:12:33 UTC] PHP   3. require_once() C:\Users\KDerot\Local Sites\estore\app\public\wp-blog-header.php:19
[30-Sep-2021 12:12:33 UTC] PHP   4. include() C:\Users\KDerot\Local Sites\estore\app\public\wp-includes\template-loader.php:106
[30-Sep-2021 12:12:33 UTC] PHP   5. get_header() C:\Users\KDerot\Local Sites\estore\app\public\wp-content\themes\storefront\template-fullwidth.php:10
[30-Sep-2021 12:12:33 UTC] PHP   6. locate_template() C:\Users\KDerot\Local Sites\estore\app\public\wp-includes\general-template.php:48
[30-Sep-2021 12:12:33 UTC] PHP   7. load_template() C:\Users\KDerot\Local Sites\estore\app\public\wp-includes\template.php:716
[30-Sep-2021 12:12:33 UTC] PHP   8. require_once() C:\Users\KDerot\Local Sites\estore\app\public\wp-includes\template.php:770
[01-Oct-2021 10:05:48 UTC] PHP Parse error:  syntax error, unexpected 'storefront_primary_navigation' (T_STRING) in C:\Users\KDerot\Local Sites\estore\app\public\wp-content\themes\storefront-child\functions.php on line 83
[01-Oct-2021 10:05:50 UTC] PHP Parse error:  syntax error, unexpected 'storefront_primary_navigation' (T_STRING) in C:\Users\KDerot\Local Sites\estore\app\public\wp-content\themes\storefront-child\functions.php on line 83
[06-Oct-2021 07:15:57 UTC] PHP Parse error:  syntax error, unexpected '<' in C:\Users\KDerot\Local Sites\estore\app\public\wp-content\themes\storefront-child\functions.php on line 98
[06-Oct-2021 07:15:58 UTC] PHP Parse error:  syntax error, unexpected '<' in C:\Users\KDerot\Local Sites\estore\app\public\wp-content\themes\storefront-child\functions.php on line 98
[06-Oct-2021 07:16:45 UTC] PHP Warning:  Use of undefined constant image - assumed 'image' (this will throw an Error in a future version of PHP) in C:\Users\KDerot\Local Sites\estore\app\public\wp-content\themes\storefront-child\functions.php on line 98
[06-Oct-2021 07:16:45 UTC] PHP Stack trace:
[06-Oct-2021 07:16:45 UTC] PHP   1. {main}() C:\Users\KDerot\Local Sites\estore\app\public\index.php:0
[06-Oct-2021 07:16:45 UTC] PHP   2. require() C:\Users\KDerot\Local Sites\estore\app\public\index.php:17
[06-Oct-2021 07:16:45 UTC] PHP   3. require_once() C:\Users\KDerot\Local Sites\estore\app\public\wp-blog-header.php:19
[06-Oct-2021 07:16:45 UTC] PHP   4. include() C:\Users\KDerot\Local Sites\estore\app\public\wp-includes\template-loader.php:106
[06-Oct-2021 07:16:45 UTC] PHP   5. do_action() C:\Users\KDerot\Local Sites\estore\app\public\wp-content\themes\storefront-child\template-homepage.php:31
[06-Oct-2021 07:16:45 UTC] PHP   6. WP_Hook->do_action() C:\Users\KDerot\Local Sites\estore\app\public\wp-includes\plugin.php:470
[06-Oct-2021 07:16:45 UTC] PHP   7. WP_Hook->apply_filters() C:\Users\KDerot\Local Sites\estore\app\public\wp-includes\class-wp-hook.php:327
[06-Oct-2021 07:16:45 UTC] PHP   8. storefront_homepage_content() C:\Users\KDerot\Local Sites\estore\app\public\wp-includes\class-wp-hook.php:303
[06-Oct-2021 07:16:45 UTC] PHP   9. get_template_part() C:\Users\KDerot\Local Sites\estore\app\public\wp-content\themes\storefront\inc\storefront-template-functions.php:612
[06-Oct-2021 07:16:45 UTC] PHP  10. locate_template() C:\Users\KDerot\Local Sites\estore\app\public\wp-includes\general-template.php:204
[06-Oct-2021 07:16:45 UTC] PHP  11. load_template() C:\Users\KDerot\Local Sites\estore\app\public\wp-includes\template.php:716
[06-Oct-2021 07:16:45 UTC] PHP  12. require() C:\Users\KDerot\Local Sites\estore\app\public\wp-includes\template.php:772
[06-Oct-2021 07:16:45 UTC] PHP  13. do_action() C:\Users\KDerot\Local Sites\estore\app\public\wp-content\themes\storefront-child\content-homepage.php:25
[06-Oct-2021 07:16:45 UTC] PHP  14. WP_Hook->do_action() C:\Users\KDerot\Local Sites\estore\app\public\wp-includes\plugin.php:470
[06-Oct-2021 07:16:45 UTC] PHP  15. WP_Hook->apply_filters() C:\Users\KDerot\Local Sites\estore\app\public\wp-includes\class-wp-hook.php:327
[06-Oct-2021 07:16:45 UTC] PHP  16. storefront_page_content() C:\Users\KDerot\Local Sites\estore\app\public\wp-includes\class-wp-hook.php:303
[06-Oct-2021 09:13:28 UTC] PHP Warning:  Use of undefined constant frontpage - assumed 'frontpage' (this will throw an Error in a future version of PHP) in C:\Users\KDerot\Local Sites\estore\app\public\wp-content\themes\storefront-child\functions.php on line 98
[06-Oct-2021 09:13:28 UTC] PHP Stack trace:
[06-Oct-2021 09:13:28 UTC] PHP   1. {main}() C:\Users\KDerot\Local Sites\estore\app\public\index.php:0
[06-Oct-2021 09:13:28 UTC] PHP   2. require() C:\Users\KDerot\Local Sites\estore\app\public\index.php:17
[06-Oct-2021 09:13:28 UTC] PHP   3. require_once() C:\Users\KDerot\Local Sites\estore\app\public\wp-blog-header.php:19
[06-Oct-2021 09:13:28 UTC] PHP   4. include() C:\Users\KDerot\Local Sites\estore\app\public\wp-includes\template-loader.php:106
[06-Oct-2021 09:13:28 UTC] PHP   5. do_action() C:\Users\KDerot\Local Sites\estore\app\public\wp-content\themes\storefront-child\template-homepage.php:31
[06-Oct-2021 09:13:28 UTC] PHP   6. WP_Hook->do_action() C:\Users\KDerot\Local Sites\estore\app\public\wp-includes\plugin.php:470
[06-Oct-2021 09:13:28 UTC] PHP   7. WP_Hook->apply_filters() C:\Users\KDerot\Local Sites\estore\app\public\wp-includes\class-wp-hook.php:327
[06-Oct-2021 09:13:28 UTC] PHP   8. storefront_homepage_content() C:\Users\KDerot\Local Sites\estore\app\public\wp-includes\class-wp-hook.php:303
[06-Oct-2021 09:13:28 UTC] PHP   9. get_template_part() C:\Users\KDerot\Local Sites\estore\app\public\wp-content\themes\storefront\inc\storefront-template-functions.php:612
[06-Oct-2021 09:13:28 UTC] PHP  10. locate_template() C:\Users\KDerot\Local Sites\estore\app\public\wp-includes\general-template.php:204
[06-Oct-2021 09:13:28 UTC] PHP  11. load_template() C:\Users\KDerot\Local Sites\estore\app\public\wp-includes\template.php:716
[06-Oct-2021 09:13:28 UTC] PHP  12. require() C:\Users\KDerot\Local Sites\estore\app\public\wp-includes\template.php:772
[06-Oct-2021 09:13:28 UTC] PHP  13. do_action() C:\Users\KDerot\Local Sites\estore\app\public\wp-content\themes\storefront-child\content-homepage.php:25
[06-Oct-2021 09:13:28 UTC] PHP  14. WP_Hook->do_action() C:\Users\KDerot\Local Sites\estore\app\public\wp-includes\plugin.php:470
[06-Oct-2021 09:13:28 UTC] PHP  15. WP_Hook->apply_filters() C:\Users\KDerot\Local Sites\estore\app\public\wp-includes\class-wp-hook.php:327
[06-Oct-2021 09:13:28 UTC] PHP  16. storefront_page_content() C:\Users\KDerot\Local Sites\estore\app\public\wp-includes\class-wp-hook.php:303
[06-Oct-2021 09:13:28 UTC] PHP Warning:  Use of undefined constant infos - assumed 'infos' (this will throw an Error in a future version of PHP) in C:\Users\KDerot\Local Sites\estore\app\public\wp-content\themes\storefront-child\functions.php on line 98
[06-Oct-2021 09:13:28 UTC] PHP Stack trace:
[06-Oct-2021 09:13:28 UTC] PHP   1. {main}() C:\Users\KDerot\Local Sites\estore\app\public\index.php:0
[06-Oct-2021 09:13:28 UTC] PHP   2. require() C:\Users\KDerot\Local Sites\estore\app\public\index.php:17
[06-Oct-2021 09:13:28 UTC] PHP   3. require_once() C:\Users\KDerot\Local Sites\estore\app\public\wp-blog-header.php:19
[06-Oct-2021 09:13:28 UTC] PHP   4. include() C:\Users\KDerot\Local Sites\estore\app\public\wp-includes\template-loader.php:106
[06-Oct-2021 09:13:28 UTC] PHP   5. do_action() C:\Users\KDerot\Local Sites\estore\app\public\wp-content\themes\storefront-child\template-homepage.php:31
[06-Oct-2021 09:13:28 UTC] PHP   6. WP_Hook->do_action() C:\Users\KDerot\Local Sites\estore\app\public\wp-includes\plugin.php:470
[06-Oct-2021 09:13:28 UTC] PHP   7. WP_Hook->apply_filters() C:\Users\KDerot\Local Sites\estore\app\public\wp-includes\class-wp-hook.php:327
[06-Oct-2021 09:13:28 UTC] PHP   8. storefront_homepage_content() C:\Users\KDerot\Local Sites\estore\app\public\wp-includes\class-wp-hook.php:303
[06-Oct-2021 09:13:28 UTC] PHP   9. get_template_part() C:\Users\KDerot\Local Sites\estore\app\public\wp-content\themes\storefront\inc\storefront-template-functions.php:612
[06-Oct-2021 09:13:28 UTC] PHP  10. locate_template() C:\Users\KDerot\Local Sites\estore\app\public\wp-includes\general-template.php:204
[06-Oct-2021 09:13:28 UTC] PHP  11. load_template() C:\Users\KDerot\Local Sites\estore\app\public\wp-includes\template.php:716
[06-Oct-2021 09:13:28 UTC] PHP  12. require() C:\Users\KDerot\Local Sites\estore\app\public\wp-includes\template.php:772
[06-Oct-2021 09:13:28 UTC] PHP  13. do_action() C:\Users\KDerot\Local Sites\estore\app\public\wp-content\themes\storefront-child\content-homepage.php:25
[06-Oct-2021 09:13:28 UTC] PHP  14. WP_Hook->do_action() C:\Users\KDerot\Local Sites\estore\app\public\wp-includes\plugin.php:470
[06-Oct-2021 09:13:28 UTC] PHP  15. WP_Hook->apply_filters() C:\Users\KDerot\Local Sites\estore\app\public\wp-includes\class-wp-hook.php:327
[06-Oct-2021 09:13:28 UTC] PHP  16. storefront_page_content() C:\Users\KDerot\Local Sites\estore\app\public\wp-includes\class-wp-hook.php:303
[06-Oct-2021 09:13:28 UTC] PHP Warning:  A non-numeric value encountered in C:\Users\KDerot\Local Sites\estore\app\public\wp-content\themes\storefront-child\functions.php on line 98
[06-Oct-2021 09:13:28 UTC] PHP Stack trace:
[06-Oct-2021 09:13:28 UTC] PHP   1. {main}() C:\Users\KDerot\Local Sites\estore\app\public\index.php:0
[06-Oct-2021 09:13:28 UTC] PHP   2. require() C:\Users\KDerot\Local Sites\estore\app\public\index.php:17
[06-Oct-2021 09:13:28 UTC] PHP   3. require_once() C:\Users\KDerot\Local Sites\estore\app\public\wp-blog-header.php:19
[06-Oct-2021 09:13:28 UTC] PHP   4. include() C:\Users\KDerot\Local Sites\estore\app\public\wp-includes\template-loader.php:106
[06-Oct-2021 09:13:28 UTC] PHP   5. do_action() C:\Users\KDerot\Local Sites\estore\app\public\wp-content\themes\storefront-child\template-homepage.php:31
[06-Oct-2021 09:13:28 UTC] PHP   6. WP_Hook->do_action() C:\Users\KDerot\Local Sites\estore\app\public\wp-includes\plugin.php:470
[06-Oct-2021 09:13:28 UTC] PHP   7. WP_Hook->apply_filters() C:\Users\KDerot\Local Sites\estore\app\public\wp-includes\class-wp-hook.php:327
[06-Oct-2021 09:13:28 UTC] PHP   8. storefront_homepage_content() C:\Users\KDerot\Local Sites\estore\app\public\wp-includes\class-wp-hook.php:303
[06-Oct-2021 09:13:28 UTC] PHP   9. get_template_part() C:\Users\KDerot\Local Sites\estore\app\public\wp-content\themes\storefront\inc\storefront-template-functions.php:612
[06-Oct-2021 09:13:28 UTC] PHP  10. locate_template() C:\Users\KDerot\Local Sites\estore\app\public\wp-includes\general-template.php:204
[06-Oct-2021 09:13:28 UTC] PHP  11. load_template() C:\Users\KDerot\Local Sites\estore\app\public\wp-includes\template.php:716
[06-Oct-2021 09:13:28 UTC] PHP  12. require() C:\Users\KDerot\Local Sites\estore\app\public\wp-includes\template.php:772
[06-Oct-2021 09:13:28 UTC] PHP  13. do_action() C:\Users\KDerot\Local Sites\estore\app\public\wp-content\themes\storefront-child\content-homepage.php:25
[06-Oct-2021 09:13:28 UTC] PHP  14. WP_Hook->do_action() C:\Users\KDerot\Local Sites\estore\app\public\wp-includes\plugin.php:470
[06-Oct-2021 09:13:28 UTC] PHP  15. WP_Hook->apply_filters() C:\Users\KDerot\Local Sites\estore\app\public\wp-includes\class-wp-hook.php:327
[06-Oct-2021 09:13:28 UTC] PHP  16. storefront_page_content() C:\Users\KDerot\Local Sites\estore\app\public\wp-includes\class-wp-hook.php:303
[06-Oct-2021 09:13:28 UTC] PHP Warning:  A non-numeric value encountered in C:\Users\KDerot\Local Sites\estore\app\public\wp-content\themes\storefront-child\functions.php on line 98
[06-Oct-2021 09:13:28 UTC] PHP Stack trace:
[06-Oct-2021 09:13:28 UTC] PHP   1. {main}() C:\Users\KDerot\Local Sites\estore\app\public\index.php:0
[06-Oct-2021 09:13:28 UTC] PHP   2. require() C:\Users\KDerot\Local Sites\estore\app\public\index.php:17
[06-Oct-2021 09:13:28 UTC] PHP   3. require_once() C:\Users\KDerot\Local Sites\estore\app\public\wp-blog-header.php:19
[06-Oct-2021 09:13:28 UTC] PHP   4. include() C:\Users\KDerot\Local Sites\estore\app\public\wp-includes\template-loader.php:106
[06-Oct-2021 09:13:28 UTC] PHP   5. do_action() C:\Users\KDerot\Local Sites\estore\app\public\wp-content\themes\storefront-child\template-homepage.php:31
[06-Oct-2021 09:13:28 UTC] PHP   6. WP_Hook->do_action() C:\Users\KDerot\Local Sites\estore\app\public\wp-includes\plugin.php:470
[06-Oct-2021 09:13:28 UTC] PHP   7. WP_Hook->apply_filters() C:\Users\KDerot\Local Sites\estore\app\public\wp-includes\class-wp-hook.php:327
[06-Oct-2021 09:13:28 UTC] PHP   8. storefront_homepage_content() C:\Users\KDerot\Local Sites\estore\app\public\wp-includes\class-wp-hook.php:303
[06-Oct-2021 09:13:28 UTC] PHP   9. get_template_part() C:\Users\KDerot\Local Sites\estore\app\public\wp-content\themes\storefront\inc\storefront-template-functions.php:612
[06-Oct-2021 09:13:28 UTC] PHP  10. locate_template() C:\Users\KDerot\Local Sites\estore\app\public\wp-includes\general-template.php:204
[06-Oct-2021 09:13:28 UTC] PHP  11. load_template() C:\Users\KDerot\Local Sites\estore\app\public\wp-includes\template.php:716
[06-Oct-2021 09:13:28 UTC] PHP  12. require() C:\Users\KDerot\Local Sites\estore\app\public\wp-includes\template.php:772
[06-Oct-2021 09:13:28 UTC] PHP  13. do_action() C:\Users\KDerot\Local Sites\estore\app\public\wp-content\themes\storefront-child\content-homepage.php:25
[06-Oct-2021 09:13:28 UTC] PHP  14. WP_Hook->do_action() C:\Users\KDerot\Local Sites\estore\app\public\wp-includes\plugin.php:470
[06-Oct-2021 09:13:28 UTC] PHP  15. WP_Hook->apply_filters() C:\Users\KDerot\Local Sites\estore\app\public\wp-includes\class-wp-hook.php:327
[06-Oct-2021 09:13:28 UTC] PHP  16. storefront_page_content() C:\Users\KDerot\Local Sites\estore\app\public\wp-includes\class-wp-hook.php:303
[06-Oct-2021 10:04:16 UTC] PHP Parse error:  syntax error, unexpected ';' in C:\Users\KDerot\Local Sites\estore\app\public\wp-content\themes\storefront-child\functions.php on line 100
[06-Oct-2021 10:04:17 UTC] PHP Parse error:  syntax error, unexpected ';' in C:\Users\KDerot\Local Sites\estore\app\public\wp-content\themes\storefront-child\functions.php on line 100
[06-Oct-2021 10:04:35 UTC] PHP Parse error:  syntax error, unexpected ';' in C:\Users\KDerot\Local Sites\estore\app\public\wp-content\themes\storefront-child\functions.php on line 100
[06-Oct-2021 10:04:36 UTC] PHP Parse error:  syntax error, unexpected ';' in C:\Users\KDerot\Local Sites\estore\app\public\wp-content\themes\storefront-child\functions.php on line 100
[06-Oct-2021 10:04:46 UTC] PHP Parse error:  syntax error, unexpected ';' in C:\Users\KDerot\Local Sites\estore\app\public\wp-content\themes\storefront-child\functions.php on line 100
[06-Oct-2021 10:04:46 UTC] PHP Parse error:  syntax error, unexpected ';' in C:\Users\KDerot\Local Sites\estore\app\public\wp-content\themes\storefront-child\functions.php on line 100
[06-Oct-2021 10:04:46 UTC] PHP Parse error:  syntax error, unexpected ';' in C:\Users\KDerot\Local Sites\estore\app\public\wp-content\themes\storefront-child\functions.php on line 100
[06-Oct-2021 10:04:58 UTC] PHP Parse error:  syntax error, unexpected ';' in C:\Users\KDerot\Local Sites\estore\app\public\wp-content\themes\storefront-child\functions.php on line 100
[06-Oct-2021 10:04:59 UTC] PHP Parse error:  syntax error, unexpected ';' in C:\Users\KDerot\Local Sites\estore\app\public\wp-content\themes\storefront-child\functions.php on line 100
[06-Oct-2021 10:05:00 UTC] PHP Parse error:  syntax error, unexpected ';' in C:\Users\KDerot\Local Sites\estore\app\public\wp-content\themes\storefront-child\functions.php on line 100
[06-Oct-2021 10:05:16 UTC] PHP Parse error:  syntax error, unexpected ';' in C:\Users\KDerot\Local Sites\estore\app\public\wp-content\themes\storefront-child\functions.php on line 100
[06-Oct-2021 10:05:27 UTC] PHP Parse error:  syntax error, unexpected ';' in C:\Users\KDerot\Local Sites\estore\app\public\wp-content\themes\storefront-child\functions.php on line 100
[06-Oct-2021 10:07:17 UTC] PHP Parse error:  syntax error, unexpected ';' in C:\Users\KDerot\Local Sites\estore\app\public\wp-content\themes\storefront-child\functions.php on line 100
[06-Oct-2021 10:07:28 UTC] PHP Parse error:  syntax error, unexpected ';' in C:\Users\KDerot\Local Sites\estore\app\public\wp-content\themes\storefront-child\functions.php on line 100
[06-Oct-2021 10:07:43 UTC] PHP Parse error:  syntax error, unexpected ';' in C:\Users\KDerot\Local Sites\estore\app\public\wp-content\themes\storefront-child\functions.php on line 100
[06-Oct-2021 10:07:44 UTC] PHP Parse error:  syntax error, unexpected ';' in C:\Users\KDerot\Local Sites\estore\app\public\wp-content\themes\storefront-child\functions.php on line 100
[06-Oct-2021 10:14:15 UTC] PHP Parse error:  syntax error, unexpected '25' (T_LNUMBER), expecting variable (T_VARIABLE) or '{' or '$' in C:\Users\KDerot\Local Sites\estore\app\public\wp-content\themes\storefront-child\functions.php on line 99
[06-Oct-2021 10:14:16 UTC] PHP Parse error:  syntax error, unexpected '25' (T_LNUMBER), expecting variable (T_VARIABLE) or '{' or '$' in C:\Users\KDerot\Local Sites\estore\app\public\wp-content\themes\storefront-child\functions.php on line 99
[06-Oct-2021 10:14:38 UTC] PHP Parse error:  syntax error, unexpected '25' (T_LNUMBER), expecting variable (T_VARIABLE) or '{' or '$' in C:\Users\KDerot\Local Sites\estore\app\public\wp-content\themes\storefront-child\functions.php on line 99
[06-Oct-2021 10:14:43 UTC] PHP Parse error:  syntax error, unexpected '25' (T_LNUMBER), expecting variable (T_VARIABLE) or '{' or '$' in C:\Users\KDerot\Local Sites\estore\app\public\wp-content\themes\storefront-child\functions.php on line 99
[06-Oct-2021 11:42:42 UTC] PHP Parse error:  syntax error, unexpected '25' (T_LNUMBER), expecting variable (T_VARIABLE) or '{' or '$' in C:\Users\KDerot\Local Sites\estore\app\public\wp-content\themes\storefront-child\functions.php on line 99
[06-Oct-2021 11:46:19 UTC] PHP Parse error:  syntax error, unexpected 'get_category_to_edit' (T_STRING) in C:\Users\KDerot\Local Sites\estore\app\public\wp-content\themes\storefront-child\functions.php on line 99
[06-Oct-2021 11:46:21 UTC] PHP Parse error:  syntax error, unexpected 'get_category_to_edit' (T_STRING) in C:\Users\KDerot\Local Sites\estore\app\public\wp-content\themes\storefront-child\functions.php on line 99
[06-Oct-2021 11:46:22 UTC] PHP Parse error:  syntax error, unexpected 'get_category_to_edit' (T_STRING) in C:\Users\KDerot\Local Sites\estore\app\public\wp-content\themes\storefront-child\functions.php on line 99
[06-Oct-2021 11:52:45 UTC] PHP Parse error:  syntax error, unexpected 'get_category_to_edit' (T_STRING) in C:\Users\KDerot\Local Sites\estore\app\public\wp-content\themes\storefront-child\functions.php on line 99
[06-Oct-2021 11:53:01 UTC] PHP Parse error:  syntax error, unexpected 'get_category_to_edit' (T_STRING) in C:\Users\KDerot\Local Sites\estore\app\public\wp-content\themes\storefront-child\functions.php on line 99
[06-Oct-2021 11:53:03 UTC] PHP Parse error:  syntax error, unexpected 'get_category_to_edit' (T_STRING) in C:\Users\KDerot\Local Sites\estore\app\public\wp-content\themes\storefront-child\functions.php on line 99
[06-Oct-2021 11:53:45 UTC] PHP Parse error:  syntax error, unexpected 'get_category_to_edit' (T_STRING) in C:\Users\KDerot\Local Sites\estore\app\public\wp-content\themes\storefront-child\functions.php on line 99
[06-Oct-2021 11:54:05 UTC] PHP Parse error:  syntax error, unexpected 'get_category_to_edit' (T_STRING) in C:\Users\KDerot\Local Sites\estore\app\public\wp-content\themes\storefront-child\functions.php on line 99
[06-Oct-2021 11:54:06 UTC] PHP Parse error:  syntax error, unexpected 'get_category_to_edit' (T_STRING) in C:\Users\KDerot\Local Sites\estore\app\public\wp-content\themes\storefront-child\functions.php on line 99
[06-Oct-2021 11:54:11 UTC] PHP Parse error:  syntax error, unexpected 'get_category_to_edit' (T_STRING) in C:\Users\KDerot\Local Sites\estore\app\public\wp-content\themes\storefront-child\functions.php on line 99
[06-Oct-2021 11:54:12 UTC] PHP Parse error:  syntax error, unexpected 'get_category_to_edit' (T_STRING) in C:\Users\KDerot\Local Sites\estore\app\public\wp-content\themes\storefront-child\functions.php on line 99
[06-Oct-2021 11:54:19 UTC] PHP Parse error:  syntax error, unexpected '}' in C:\Users\KDerot\Local Sites\estore\app\public\wp-content\themes\storefront-child\functions.php on line 117
[06-Oct-2021 11:54:20 UTC] PHP Parse error:  syntax error, unexpected '}' in C:\Users\KDerot\Local Sites\estore\app\public\wp-content\themes\storefront-child\functions.php on line 117
[06-Oct-2021 11:54:43 UTC] PHP Parse error:  syntax error, unexpected '}' in C:\Users\KDerot\Local Sites\estore\app\public\wp-content\themes\storefront-child\functions.php on line 117
[06-Oct-2021 11:54:45 UTC] PHP Parse error:  syntax error, unexpected '}' in C:\Users\KDerot\Local Sites\estore\app\public\wp-content\themes\storefront-child\functions.php on line 117
[06-Oct-2021 11:54:45 UTC] PHP Parse error:  syntax error, unexpected '}' in C:\Users\KDerot\Local Sites\estore\app\public\wp-content\themes\storefront-child\functions.php on line 117
[06-Oct-2021 11:54:46 UTC] PHP Parse error:  syntax error, unexpected '}' in C:\Users\KDerot\Local Sites\estore\app\public\wp-content\themes\storefront-child\functions.php on line 117
[06-Oct-2021 12:16:44 UTC] PHP Parse error:  syntax error, unexpected '<' in C:\Users\KDerot\Local Sites\estore\app\public\wp-content\themes\storefront-child\functions.php on line 102
[06-Oct-2021 12:16:44 UTC] PHP Parse error:  syntax error, unexpected '<' in C:\Users\KDerot\Local Sites\estore\app\public\wp-content\themes\storefront-child\functions.php on line 102
[06-Oct-2021 12:49:47 UTC] PHP Parse error:  syntax error, unexpected end of file, expecting '(' in C:\Users\KDerot\Local Sites\estore\app\public\wp-content\themes\storefront-child\functions.php on line 115
[06-Oct-2021 12:49:49 UTC] PHP Parse error:  syntax error, unexpected end of file, expecting '(' in C:\Users\KDerot\Local Sites\estore\app\public\wp-content\themes\storefront-child\functions.php on line 115
[06-Oct-2021 12:50:00 UTC] PHP Parse error:  syntax error, unexpected end of file, expecting '(' in C:\Users\KDerot\Local Sites\estore\app\public\wp-content\themes\storefront-child\functions.php on line 115
[06-Oct-2021 12:50:01 UTC] PHP Parse error:  syntax error, unexpected end of file, expecting '(' in C:\Users\KDerot\Local Sites\estore\app\public\wp-content\themes\storefront-child\functions.php on line 115
