2021-10-26T06:50:38+00:00 CRITICAL syntax error, unexpected 'foreach' (T_FOREACH) dans C:\Users\KDerot\Local Sites\estore\app\public\wp-content\themes\storefront-child\functions.php à la ligne 131

2021-10-26T06:50:39+00:00 CRITICAL syntax error, unexpected 'foreach' (T_FOREACH) dans C:\Users\KDerot\Local Sites\estore\app\public\wp-content\themes\storefront-child\functions.php à la ligne 131

2021-10-26T06:50:40+00:00 CRITICAL syntax error, unexpected 'foreach' (T_FOREACH) dans C:\Users\KDerot\Local Sites\estore\app\public\wp-content\themes\storefront-child\functions.php à la ligne 131

2021-10-26T06:50:41+00:00 CRITICAL syntax error, unexpected 'foreach' (T_FOREACH) dans C:\Users\KDerot\Local Sites\estore\app\public\wp-content\themes\storefront-child\functions.php à la ligne 131

2021-10-26T06:57:27+00:00 CRITICAL syntax error, unexpected 'foreach' (T_FOREACH) dans C:\Users\KDerot\Local Sites\estore\app\public\wp-content\themes\storefront-child\functions.php à la ligne 131

2021-10-26T06:57:27+00:00 CRITICAL syntax error, unexpected 'foreach' (T_FOREACH) dans C:\Users\KDerot\Local Sites\estore\app\public\wp-content\themes\storefront-child\functions.php à la ligne 131

2021-10-26T06:57:28+00:00 CRITICAL syntax error, unexpected 'foreach' (T_FOREACH) dans C:\Users\KDerot\Local Sites\estore\app\public\wp-content\themes\storefront-child\functions.php à la ligne 131

2021-10-26T07:30:20+00:00 CRITICAL syntax error, unexpected 'foreach' (T_FOREACH) dans C:\Users\KDerot\Local Sites\estore\app\public\wp-content\themes\storefront-child\functions.php à la ligne 131

2021-10-26T07:30:20+00:00 CRITICAL syntax error, unexpected 'foreach' (T_FOREACH) dans C:\Users\KDerot\Local Sites\estore\app\public\wp-content\themes\storefront-child\functions.php à la ligne 131

2021-10-26T14:08:38+00:00 CRITICAL Uncaught Error: Call to undefined function login_header() in C:\Users\KDerot\Local Sites\estore\app\public\wp-content\themes\storefront-child\header.php:65
Stack trace:
#0 C:\Users\KDerot\Local Sites\estore\app\public\wp-includes\template.php(770): require_once()
#1 C:\Users\KDerot\Local Sites\estore\app\public\wp-includes\template.php(716): load_template('C:\\Users\\KDerot...', true, Array)
#2 C:\Users\KDerot\Local Sites\estore\app\public\wp-includes\general-template.php(48): locate_template(Array, true, true, Array)
#3 C:\Users\KDerot\Local Sites\estore\app\public\wp-content\themes\storefront-child\template-homepage.php(15): get_header()
#4 C:\Users\KDerot\Local Sites\estore\app\public\wp-includes\template-loader.php(106): include('C:\\Users\\KDerot...')
#5 C:\Users\KDerot\Local Sites\estore\app\public\wp-blog-header.php(19): require_once('C:\\Users\\KDerot...')
#6 C:\Users\KDerot\Local Sites\estore\app\public\index.php(17): require('C:\\Users\\KDerot...')
#7 {main}
  thrown dans C:\Users\KDerot\Local Sites\estore\app\public\wp-content\themes\storefront-child\header.php à la ligne 65

2021-10-26T14:08:40+00:00 CRITICAL Uncaught Error: Call to undefined function login_header() in C:\Users\KDerot\Local Sites\estore\app\public\wp-content\themes\storefront-child\header.php:65
Stack trace:
#0 C:\Users\KDerot\Local Sites\estore\app\public\wp-includes\template.php(770): require_once()
#1 C:\Users\KDerot\Local Sites\estore\app\public\wp-includes\template.php(716): load_template('C:\\Users\\KDerot...', true, Array)
#2 C:\Users\KDerot\Local Sites\estore\app\public\wp-includes\general-template.php(48): locate_template(Array, true, true, Array)
#3 C:\Users\KDerot\Local Sites\estore\app\public\wp-content\themes\storefront\404.php(8): get_header()
#4 C:\Users\KDerot\Local Sites\estore\app\public\wp-includes\template-loader.php(106): include('C:\\Users\\KDerot...')
#5 C:\Users\KDerot\Local Sites\estore\app\public\wp-blog-header.php(19): require_once('C:\\Users\\KDerot...')
#6 C:\Users\KDerot\Local Sites\estore\app\public\index.php(17): require('C:\\Users\\KDerot...')
#7 {main}
  thrown dans C:\Users\KDerot\Local Sites\estore\app\public\wp-content\themes\storefront-child\header.php à la ligne 65

2021-10-26T14:10:42+00:00 CRITICAL Uncaught Error: Call to undefined function login_header() in C:\Users\KDerot\Local Sites\estore\app\public\wp-content\themes\storefront-child\header.php:65
Stack trace:
#0 C:\Users\KDerot\Local Sites\estore\app\public\wp-includes\template.php(770): require_once()
#1 C:\Users\KDerot\Local Sites\estore\app\public\wp-includes\template.php(716): load_template('C:\\Users\\KDerot...', true, Array)
#2 C:\Users\KDerot\Local Sites\estore\app\public\wp-includes\general-template.php(48): locate_template(Array, true, true, Array)
#3 C:\Users\KDerot\Local Sites\estore\app\public\wp-content\themes\storefront-child\template-homepage.php(15): get_header()
#4 C:\Users\KDerot\Local Sites\estore\app\public\wp-includes\template-loader.php(106): include('C:\\Users\\KDerot...')
#5 C:\Users\KDerot\Local Sites\estore\app\public\wp-blog-header.php(19): require_once('C:\\Users\\KDerot...')
#6 C:\Users\KDerot\Local Sites\estore\app\public\index.php(17): require('C:\\Users\\KDerot...')
#7 {main}
  thrown dans C:\Users\KDerot\Local Sites\estore\app\public\wp-content\themes\storefront-child\header.php à la ligne 65

2021-10-26T14:10:45+00:00 CRITICAL Uncaught Error: Call to undefined function login_header() in C:\Users\KDerot\Local Sites\estore\app\public\wp-content\themes\storefront-child\header.php:65
Stack trace:
#0 C:\Users\KDerot\Local Sites\estore\app\public\wp-includes\template.php(770): require_once()
#1 C:\Users\KDerot\Local Sites\estore\app\public\wp-includes\template.php(716): load_template('C:\\Users\\KDerot...', true, Array)
#2 C:\Users\KDerot\Local Sites\estore\app\public\wp-includes\general-template.php(48): locate_template(Array, true, true, Array)
#3 C:\Users\KDerot\Local Sites\estore\app\public\wp-content\themes\storefront-child\template-homepage.php(15): get_header()
#4 C:\Users\KDerot\Local Sites\estore\app\public\wp-includes\template-loader.php(106): include('C:\\Users\\KDerot...')
#5 C:\Users\KDerot\Local Sites\estore\app\public\wp-blog-header.php(19): require_once('C:\\Users\\KDerot...')
#6 C:\Users\KDerot\Local Sites\estore\app\public\index.php(17): require('C:\\Users\\KDerot...')
#7 {main}
  thrown dans C:\Users\KDerot\Local Sites\estore\app\public\wp-content\themes\storefront-child\header.php à la ligne 65

2021-10-26T14:10:47+00:00 CRITICAL Uncaught Error: Call to undefined function login_header() in C:\Users\KDerot\Local Sites\estore\app\public\wp-content\themes\storefront-child\header.php:65
Stack trace:
#0 C:\Users\KDerot\Local Sites\estore\app\public\wp-includes\template.php(770): require_once()
#1 C:\Users\KDerot\Local Sites\estore\app\public\wp-includes\template.php(716): load_template('C:\\Users\\KDerot...', true, Array)
#2 C:\Users\KDerot\Local Sites\estore\app\public\wp-includes\general-template.php(48): locate_template(Array, true, true, Array)
#3 C:\Users\KDerot\Local Sites\estore\app\public\wp-content\themes\storefront\404.php(8): get_header()
#4 C:\Users\KDerot\Local Sites\estore\app\public\wp-includes\template-loader.php(106): include('C:\\Users\\KDerot...')
#5 C:\Users\KDerot\Local Sites\estore\app\public\wp-blog-header.php(19): require_once('C:\\Users\\KDerot...')
#6 C:\Users\KDerot\Local Sites\estore\app\public\index.php(17): require('C:\\Users\\KDerot...')
#7 {main}
  thrown dans C:\Users\KDerot\Local Sites\estore\app\public\wp-content\themes\storefront-child\header.php à la ligne 65

2021-10-26T14:10:47+00:00 CRITICAL Uncaught Error: Call to undefined function login_header() in C:\Users\KDerot\Local Sites\estore\app\public\wp-content\themes\storefront-child\header.php:65
Stack trace:
#0 C:\Users\KDerot\Local Sites\estore\app\public\wp-includes\template.php(770): require_once()
#1 C:\Users\KDerot\Local Sites\estore\app\public\wp-includes\template.php(716): load_template('C:\\Users\\KDerot...', true, Array)
#2 C:\Users\KDerot\Local Sites\estore\app\public\wp-includes\general-template.php(48): locate_template(Array, true, true, Array)
#3 C:\Users\KDerot\Local Sites\estore\app\public\wp-content\themes\storefront\page.php(13): get_header()
#4 C:\Users\KDerot\Local Sites\estore\app\public\wp-includes\template-loader.php(106): include('C:\\Users\\KDerot...')
#5 C:\Users\KDerot\Local Sites\estore\app\public\wp-blog-header.php(19): require_once('C:\\Users\\KDerot...')
#6 C:\Users\KDerot\Local Sites\estore\app\public\index.php(17): require('C:\\Users\\KDerot...')
#7 {main}
  thrown dans C:\Users\KDerot\Local Sites\estore\app\public\wp-content\themes\storefront-child\header.php à la ligne 65

2021-10-26T14:10:49+00:00 CRITICAL Uncaught Error: Call to undefined function login_header() in C:\Users\KDerot\Local Sites\estore\app\public\wp-content\themes\storefront-child\header.php:65
Stack trace:
#0 C:\Users\KDerot\Local Sites\estore\app\public\wp-includes\template.php(770): require_once()
#1 C:\Users\KDerot\Local Sites\estore\app\public\wp-includes\template.php(716): load_template('C:\\Users\\KDerot...', true, Array)
#2 C:\Users\KDerot\Local Sites\estore\app\public\wp-includes\general-template.php(48): locate_template(Array, true, true, Array)
#3 C:\Users\KDerot\Local Sites\estore\app\public\wp-content\themes\storefront-child\template-homepage.php(15): get_header()
#4 C:\Users\KDerot\Local Sites\estore\app\public\wp-includes\template-loader.php(106): include('C:\\Users\\KDerot...')
#5 C:\Users\KDerot\Local Sites\estore\app\public\wp-blog-header.php(19): require_once('C:\\Users\\KDerot...')
#6 C:\Users\KDerot\Local Sites\estore\app\public\index.php(17): require('C:\\Users\\KDerot...')
#7 {main}
  thrown dans C:\Users\KDerot\Local Sites\estore\app\public\wp-content\themes\storefront-child\header.php à la ligne 65

2021-10-26T14:10:49+00:00 CRITICAL Uncaught Error: Call to undefined function login_header() in C:\Users\KDerot\Local Sites\estore\app\public\wp-content\themes\storefront-child\header.php:65
Stack trace:
#0 C:\Users\KDerot\Local Sites\estore\app\public\wp-includes\template.php(770): require_once()
#1 C:\Users\KDerot\Local Sites\estore\app\public\wp-includes\template.php(716): load_template('C:\\Users\\KDerot...', true, Array)
#2 C:\Users\KDerot\Local Sites\estore\app\public\wp-includes\general-template.php(48): locate_template(Array, true, true, Array)
#3 C:\Users\KDerot\Local Sites\estore\app\public\wp-content\themes\storefront\404.php(8): get_header()
#4 C:\Users\KDerot\Local Sites\estore\app\public\wp-includes\template-loader.php(106): include('C:\\Users\\KDerot...')
#5 C:\Users\KDerot\Local Sites\estore\app\public\wp-blog-header.php(19): require_once('C:\\Users\\KDerot...')
#6 C:\Users\KDerot\Local Sites\estore\app\public\index.php(17): require('C:\\Users\\KDerot...')
#7 {main}
  thrown dans C:\Users\KDerot\Local Sites\estore\app\public\wp-content\themes\storefront-child\header.php à la ligne 65

2021-10-26T14:10:52+00:00 CRITICAL Uncaught Error: Call to undefined function login_header() in C:\Users\KDerot\Local Sites\estore\app\public\wp-content\themes\storefront-child\header.php:65
Stack trace:
#0 C:\Users\KDerot\Local Sites\estore\app\public\wp-includes\template.php(770): require_once()
#1 C:\Users\KDerot\Local Sites\estore\app\public\wp-includes\template.php(716): load_template('C:\\Users\\KDerot...', true, Array)
#2 C:\Users\KDerot\Local Sites\estore\app\public\wp-includes\general-template.php(48): locate_template(Array, true, true, Array)
#3 C:\Users\KDerot\Local Sites\estore\app\public\wp-content\themes\storefront\404.php(8): get_header()
#4 C:\Users\KDerot\Local Sites\estore\app\public\wp-includes\template-loader.php(106): include('C:\\Users\\KDerot...')
#5 C:\Users\KDerot\Local Sites\estore\app\public\wp-blog-header.php(19): require_once('C:\\Users\\KDerot...')
#6 C:\Users\KDerot\Local Sites\estore\app\public\index.php(17): require('C:\\Users\\KDerot...')
#7 {main}
  thrown dans C:\Users\KDerot\Local Sites\estore\app\public\wp-content\themes\storefront-child\header.php à la ligne 65

2021-10-26T14:10:55+00:00 CRITICAL Uncaught Error: Call to undefined function login_header() in C:\Users\KDerot\Local Sites\estore\app\public\wp-content\themes\storefront-child\header.php:65
Stack trace:
#0 C:\Users\KDerot\Local Sites\estore\app\public\wp-includes\template.php(770): require_once()
#1 C:\Users\KDerot\Local Sites\estore\app\public\wp-includes\template.php(716): load_template('C:\\Users\\KDerot...', true, Array)
#2 C:\Users\KDerot\Local Sites\estore\app\public\wp-includes\general-template.php(48): locate_template(Array, true, true, Array)
#3 C:\Users\KDerot\Local Sites\estore\app\public\wp-content\themes\storefront\404.php(8): get_header()
#4 C:\Users\KDerot\Local Sites\estore\app\public\wp-includes\template-loader.php(106): include('C:\\Users\\KDerot...')
#5 C:\Users\KDerot\Local Sites\estore\app\public\wp-blog-header.php(19): require_once('C:\\Users\\KDerot...')
#6 C:\Users\KDerot\Local Sites\estore\app\public\index.php(17): require('C:\\Users\\KDerot...')
#7 {main}
  thrown dans C:\Users\KDerot\Local Sites\estore\app\public\wp-content\themes\storefront-child\header.php à la ligne 65

2021-10-26T14:12:54+00:00 CRITICAL Uncaught Error: Call to undefined function login_header() in C:\Users\KDerot\Local Sites\estore\app\public\wp-content\themes\storefront-child\header.php:65
Stack trace:
#0 C:\Users\KDerot\Local Sites\estore\app\public\wp-includes\template.php(770): require_once()
#1 C:\Users\KDerot\Local Sites\estore\app\public\wp-includes\template.php(716): load_template('C:\\Users\\KDerot...', true, Array)
#2 C:\Users\KDerot\Local Sites\estore\app\public\wp-includes\general-template.php(48): locate_template(Array, true, true, Array)
#3 C:\Users\KDerot\Local Sites\estore\app\public\wp-content\themes\storefront\page.php(13): get_header()
#4 C:\Users\KDerot\Local Sites\estore\app\public\wp-includes\template-loader.php(106): include('C:\\Users\\KDerot...')
#5 C:\Users\KDerot\Local Sites\estore\app\public\wp-blog-header.php(19): require_once('C:\\Users\\KDerot...')
#6 C:\Users\KDerot\Local Sites\estore\app\public\index.php(17): require('C:\\Users\\KDerot...')
#7 {main}
  thrown dans C:\Users\KDerot\Local Sites\estore\app\public\wp-content\themes\storefront-child\header.php à la ligne 65

2021-10-26T14:12:54+00:00 CRITICAL Uncaught Error: Call to undefined function login_header() in C:\Users\KDerot\Local Sites\estore\app\public\wp-content\themes\storefront-child\header.php:65
Stack trace:
#0 C:\Users\KDerot\Local Sites\estore\app\public\wp-includes\template.php(770): require_once()
#1 C:\Users\KDerot\Local Sites\estore\app\public\wp-includes\template.php(716): load_template('C:\\Users\\KDerot...', true, Array)
#2 C:\Users\KDerot\Local Sites\estore\app\public\wp-includes\general-template.php(48): locate_template(Array, true, true, Array)
#3 C:\Users\KDerot\Local Sites\estore\app\public\wp-content\themes\storefront-child\template-homepage.php(15): get_header()
#4 C:\Users\KDerot\Local Sites\estore\app\public\wp-includes\template-loader.php(106): include('C:\\Users\\KDerot...')
#5 C:\Users\KDerot\Local Sites\estore\app\public\wp-blog-header.php(19): require_once('C:\\Users\\KDerot...')
#6 C:\Users\KDerot\Local Sites\estore\app\public\index.php(17): require('C:\\Users\\KDerot...')
#7 {main}
  thrown dans C:\Users\KDerot\Local Sites\estore\app\public\wp-content\themes\storefront-child\header.php à la ligne 65

2021-10-26T14:12:56+00:00 CRITICAL Uncaught Error: Call to undefined function login_header() in C:\Users\KDerot\Local Sites\estore\app\public\wp-content\themes\storefront-child\header.php:65
Stack trace:
#0 C:\Users\KDerot\Local Sites\estore\app\public\wp-includes\template.php(770): require_once()
#1 C:\Users\KDerot\Local Sites\estore\app\public\wp-includes\template.php(716): load_template('C:\\Users\\KDerot...', true, Array)
#2 C:\Users\KDerot\Local Sites\estore\app\public\wp-includes\general-template.php(48): locate_template(Array, true, true, Array)
#3 C:\Users\KDerot\Local Sites\estore\app\public\wp-content\themes\storefront\404.php(8): get_header()
#4 C:\Users\KDerot\Local Sites\estore\app\public\wp-includes\template-loader.php(106): include('C:\\Users\\KDerot...')
#5 C:\Users\KDerot\Local Sites\estore\app\public\wp-blog-header.php(19): require_once('C:\\Users\\KDerot...')
#6 C:\Users\KDerot\Local Sites\estore\app\public\index.php(17): require('C:\\Users\\KDerot...')
#7 {main}
  thrown dans C:\Users\KDerot\Local Sites\estore\app\public\wp-content\themes\storefront-child\header.php à la ligne 65

2021-10-26T14:12:58+00:00 CRITICAL Uncaught Error: Call to undefined function login_header() in C:\Users\KDerot\Local Sites\estore\app\public\wp-content\themes\storefront-child\header.php:65
Stack trace:
#0 C:\Users\KDerot\Local Sites\estore\app\public\wp-includes\template.php(770): require_once()
#1 C:\Users\KDerot\Local Sites\estore\app\public\wp-includes\template.php(716): load_template('C:\\Users\\KDerot...', true, Array)
#2 C:\Users\KDerot\Local Sites\estore\app\public\wp-includes\general-template.php(48): locate_template(Array, true, true, Array)
#3 C:\Users\KDerot\Local Sites\estore\app\public\wp-content\themes\storefront-child\template-homepage.php(15): get_header()
#4 C:\Users\KDerot\Local Sites\estore\app\public\wp-includes\template-loader.php(106): include('C:\\Users\\KDerot...')
#5 C:\Users\KDerot\Local Sites\estore\app\public\wp-blog-header.php(19): require_once('C:\\Users\\KDerot...')
#6 C:\Users\KDerot\Local Sites\estore\app\public\index.php(17): require('C:\\Users\\KDerot...')
#7 {main}
  thrown dans C:\Users\KDerot\Local Sites\estore\app\public\wp-content\themes\storefront-child\header.php à la ligne 65

2021-10-26T14:13:00+00:00 CRITICAL Uncaught Error: Call to undefined function login_header() in C:\Users\KDerot\Local Sites\estore\app\public\wp-content\themes\storefront-child\header.php:65
Stack trace:
#0 C:\Users\KDerot\Local Sites\estore\app\public\wp-includes\template.php(770): require_once()
#1 C:\Users\KDerot\Local Sites\estore\app\public\wp-includes\template.php(716): load_template('C:\\Users\\KDerot...', true, Array)
#2 C:\Users\KDerot\Local Sites\estore\app\public\wp-includes\general-template.php(48): locate_template(Array, true, true, Array)
#3 C:\Users\KDerot\Local Sites\estore\app\public\wp-content\themes\storefront\404.php(8): get_header()
#4 C:\Users\KDerot\Local Sites\estore\app\public\wp-includes\template-loader.php(106): include('C:\\Users\\KDerot...')
#5 C:\Users\KDerot\Local Sites\estore\app\public\wp-blog-header.php(19): require_once('C:\\Users\\KDerot...')
#6 C:\Users\KDerot\Local Sites\estore\app\public\index.php(17): require('C:\\Users\\KDerot...')
#7 {main}
  thrown dans C:\Users\KDerot\Local Sites\estore\app\public\wp-content\themes\storefront-child\header.php à la ligne 65

2021-10-26T14:13:00+00:00 CRITICAL Uncaught Error: Call to undefined function login_header() in C:\Users\KDerot\Local Sites\estore\app\public\wp-content\themes\storefront-child\header.php:65
Stack trace:
#0 C:\Users\KDerot\Local Sites\estore\app\public\wp-includes\template.php(770): require_once()
#1 C:\Users\KDerot\Local Sites\estore\app\public\wp-includes\template.php(716): load_template('C:\\Users\\KDerot...', true, Array)
#2 C:\Users\KDerot\Local Sites\estore\app\public\wp-includes\general-template.php(48): locate_template(Array, true, true, Array)
#3 C:\Users\KDerot\Local Sites\estore\app\public\wp-content\themes\storefront-child\template-homepage.php(15): get_header()
#4 C:\Users\KDerot\Local Sites\estore\app\public\wp-includes\template-loader.php(106): include('C:\\Users\\KDerot...')
#5 C:\Users\KDerot\Local Sites\estore\app\public\wp-blog-header.php(19): require_once('C:\\Users\\KDerot...')
#6 C:\Users\KDerot\Local Sites\estore\app\public\index.php(17): require('C:\\Users\\KDerot...')
#7 {main}
  thrown dans C:\Users\KDerot\Local Sites\estore\app\public\wp-content\themes\storefront-child\header.php à la ligne 65

2021-10-26T14:13:02+00:00 CRITICAL Uncaught Error: Call to undefined function login_header() in C:\Users\KDerot\Local Sites\estore\app\public\wp-content\themes\storefront-child\header.php:65
Stack trace:
#0 C:\Users\KDerot\Local Sites\estore\app\public\wp-includes\template.php(770): require_once()
#1 C:\Users\KDerot\Local Sites\estore\app\public\wp-includes\template.php(716): load_template('C:\\Users\\KDerot...', true, Array)
#2 C:\Users\KDerot\Local Sites\estore\app\public\wp-includes\general-template.php(48): locate_template(Array, true, true, Array)
#3 C:\Users\KDerot\Local Sites\estore\app\public\wp-content\themes\storefront\404.php(8): get_header()
#4 C:\Users\KDerot\Local Sites\estore\app\public\wp-includes\template-loader.php(106): include('C:\\Users\\KDerot...')
#5 C:\Users\KDerot\Local Sites\estore\app\public\wp-blog-header.php(19): require_once('C:\\Users\\KDerot...')
#6 C:\Users\KDerot\Local Sites\estore\app\public\index.php(17): require('C:\\Users\\KDerot...')
#7 {main}
  thrown dans C:\Users\KDerot\Local Sites\estore\app\public\wp-content\themes\storefront-child\header.php à la ligne 65

2021-10-26T14:13:04+00:00 CRITICAL Uncaught Error: Call to undefined function login_header() in C:\Users\KDerot\Local Sites\estore\app\public\wp-content\themes\storefront-child\header.php:65
Stack trace:
#0 C:\Users\KDerot\Local Sites\estore\app\public\wp-includes\template.php(770): require_once()
#1 C:\Users\KDerot\Local Sites\estore\app\public\wp-includes\template.php(716): load_template('C:\\Users\\KDerot...', true, Array)
#2 C:\Users\KDerot\Local Sites\estore\app\public\wp-includes\general-template.php(48): locate_template(Array, true, true, Array)
#3 C:\Users\KDerot\Local Sites\estore\app\public\wp-content\themes\storefront\404.php(8): get_header()
#4 C:\Users\KDerot\Local Sites\estore\app\public\wp-includes\template-loader.php(106): include('C:\\Users\\KDerot...')
#5 C:\Users\KDerot\Local Sites\estore\app\public\wp-blog-header.php(19): require_once('C:\\Users\\KDerot...')
#6 C:\Users\KDerot\Local Sites\estore\app\public\index.php(17): require('C:\\Users\\KDerot...')
#7 {main}
  thrown dans C:\Users\KDerot\Local Sites\estore\app\public\wp-content\themes\storefront-child\header.php à la ligne 65

2021-10-26T14:13:05+00:00 CRITICAL Uncaught Error: Call to undefined function login_header() in C:\Users\KDerot\Local Sites\estore\app\public\wp-content\themes\storefront-child\header.php:65
Stack trace:
#0 C:\Users\KDerot\Local Sites\estore\app\public\wp-includes\template.php(770): require_once()
#1 C:\Users\KDerot\Local Sites\estore\app\public\wp-includes\template.php(716): load_template('C:\\Users\\KDerot...', true, Array)
#2 C:\Users\KDerot\Local Sites\estore\app\public\wp-includes\general-template.php(48): locate_template(Array, true, true, Array)
#3 C:\Users\KDerot\Local Sites\estore\app\public\wp-content\themes\storefront\404.php(8): get_header()
#4 C:\Users\KDerot\Local Sites\estore\app\public\wp-includes\template-loader.php(106): include('C:\\Users\\KDerot...')
#5 C:\Users\KDerot\Local Sites\estore\app\public\wp-blog-header.php(19): require_once('C:\\Users\\KDerot...')
#6 C:\Users\KDerot\Local Sites\estore\app\public\index.php(17): require('C:\\Users\\KDerot...')
#7 {main}
  thrown dans C:\Users\KDerot\Local Sites\estore\app\public\wp-content\themes\storefront-child\header.php à la ligne 65

