2021-10-29T07:18:57+00:00 CRITICAL syntax error, unexpected 'modal' (T_STRING) dans C:\Users\KDerot\Local Sites\estore\app\public\wp-content\themes\storefront-child\functions.php à la ligne 135

2021-10-29T07:18:58+00:00 CRITICAL syntax error, unexpected 'modal' (T_STRING) dans C:\Users\KDerot\Local Sites\estore\app\public\wp-content\themes\storefront-child\functions.php à la ligne 135

2021-10-29T07:18:58+00:00 CRITICAL syntax error, unexpected 'modal' (T_STRING) dans C:\Users\KDerot\Local Sites\estore\app\public\wp-content\themes\storefront-child\functions.php à la ligne 135

2021-10-29T07:19:00+00:00 CRITICAL syntax error, unexpected 'modal' (T_STRING) dans C:\Users\KDerot\Local Sites\estore\app\public\wp-content\themes\storefront-child\functions.php à la ligne 135

2021-10-29T07:19:01+00:00 CRITICAL syntax error, unexpected 'modal' (T_STRING) dans C:\Users\KDerot\Local Sites\estore\app\public\wp-content\themes\storefront-child\functions.php à la ligne 135

2021-10-29T07:19:59+00:00 CRITICAL syntax error, unexpected 'modal' (T_STRING) dans C:\Users\KDerot\Local Sites\estore\app\public\wp-content\themes\storefront-child\functions.php à la ligne 135

2021-10-29T07:22:00+00:00 CRITICAL syntax error, unexpected 'modal' (T_STRING) dans C:\Users\KDerot\Local Sites\estore\app\public\wp-content\themes\storefront-child\functions.php à la ligne 135

2021-10-29T07:22:18+00:00 CRITICAL syntax error, unexpected 'modal' (T_STRING) dans C:\Users\KDerot\Local Sites\estore\app\public\wp-content\themes\storefront-child\functions.php à la ligne 135

2021-10-29T07:22:18+00:00 CRITICAL syntax error, unexpected 'modal' (T_STRING) dans C:\Users\KDerot\Local Sites\estore\app\public\wp-content\themes\storefront-child\functions.php à la ligne 135

2021-10-29T07:22:55+00:00 CRITICAL syntax error, unexpected 'modal' (T_STRING) dans C:\Users\KDerot\Local Sites\estore\app\public\wp-content\themes\storefront-child\functions.php à la ligne 135

2021-10-29T07:22:56+00:00 CRITICAL syntax error, unexpected 'modal' (T_STRING) dans C:\Users\KDerot\Local Sites\estore\app\public\wp-content\themes\storefront-child\functions.php à la ligne 135

2021-10-29T07:23:30+00:00 CRITICAL syntax error, unexpected 'modal' (T_STRING) dans C:\Users\KDerot\Local Sites\estore\app\public\wp-content\themes\storefront-child\functions.php à la ligne 135

2021-10-29T07:23:33+00:00 CRITICAL syntax error, unexpected 'modal' (T_STRING) dans C:\Users\KDerot\Local Sites\estore\app\public\wp-content\themes\storefront-child\functions.php à la ligne 135

2021-10-29T07:24:01+00:00 CRITICAL syntax error, unexpected 'modal' (T_STRING) dans C:\Users\KDerot\Local Sites\estore\app\public\wp-content\themes\storefront-child\functions.php à la ligne 135

2021-10-29T07:24:31+00:00 CRITICAL syntax error, unexpected '<', expecting end of file dans C:\Users\KDerot\Local Sites\estore\app\public\wp-content\themes\storefront-child\functions.php à la ligne 120

2021-10-29T07:24:39+00:00 CRITICAL syntax error, unexpected 'modal' (T_STRING) dans C:\Users\KDerot\Local Sites\estore\app\public\wp-content\themes\storefront-child\functions.php à la ligne 121

2021-10-29T07:24:40+00:00 CRITICAL syntax error, unexpected 'modal' (T_STRING) dans C:\Users\KDerot\Local Sites\estore\app\public\wp-content\themes\storefront-child\functions.php à la ligne 121

2021-10-29T07:25:31+00:00 CRITICAL syntax error, unexpected 'modal' (T_STRING) dans C:\Users\KDerot\Local Sites\estore\app\public\wp-content\themes\storefront-child\functions.php à la ligne 121

2021-10-29T07:26:01+00:00 CRITICAL syntax error, unexpected 'modal' (T_STRING) dans C:\Users\KDerot\Local Sites\estore\app\public\wp-content\themes\storefront-child\functions.php à la ligne 121

2021-10-29T07:27:32+00:00 CRITICAL syntax error, unexpected 'modal' (T_STRING) dans C:\Users\KDerot\Local Sites\estore\app\public\wp-content\themes\storefront-child\functions.php à la ligne 121

2021-10-29T07:28:03+00:00 CRITICAL syntax error, unexpected 'modal' (T_STRING) dans C:\Users\KDerot\Local Sites\estore\app\public\wp-content\themes\storefront-child\functions.php à la ligne 121

2021-10-29T07:29:33+00:00 CRITICAL syntax error, unexpected 'modal' (T_STRING) dans C:\Users\KDerot\Local Sites\estore\app\public\wp-content\themes\storefront-child\functions.php à la ligne 121

2021-10-29T07:31:34+00:00 CRITICAL syntax error, unexpected 'modal' (T_STRING) dans C:\Users\KDerot\Local Sites\estore\app\public\wp-content\themes\storefront-child\functions.php à la ligne 121

2021-10-29T07:33:35+00:00 CRITICAL syntax error, unexpected 'modal' (T_STRING) dans C:\Users\KDerot\Local Sites\estore\app\public\wp-content\themes\storefront-child\functions.php à la ligne 121

2021-10-29T07:42:35+00:00 CRITICAL syntax error, unexpected 'modal' (T_STRING) dans C:\Users\KDerot\Local Sites\estore\app\public\wp-content\themes\storefront-child\functions.php à la ligne 121

2021-10-29T07:42:37+00:00 CRITICAL syntax error, unexpected 'modal' (T_STRING) dans C:\Users\KDerot\Local Sites\estore\app\public\wp-content\themes\storefront-child\functions.php à la ligne 121

2021-10-29T07:44:14+00:00 CRITICAL syntax error, unexpected 'modal' (T_STRING) dans C:\Users\KDerot\Local Sites\estore\app\public\wp-content\themes\storefront-child\functions.php à la ligne 122

2021-10-29T07:44:19+00:00 CRITICAL syntax error, unexpected 'modal' (T_STRING) dans C:\Users\KDerot\Local Sites\estore\app\public\wp-content\themes\storefront-child\functions.php à la ligne 122

2021-10-29T07:44:20+00:00 CRITICAL syntax error, unexpected 'modal' (T_STRING) dans C:\Users\KDerot\Local Sites\estore\app\public\wp-content\themes\storefront-child\functions.php à la ligne 122

2021-10-29T07:44:20+00:00 CRITICAL syntax error, unexpected 'modal' (T_STRING) dans C:\Users\KDerot\Local Sites\estore\app\public\wp-content\themes\storefront-child\functions.php à la ligne 122

2021-10-29T07:45:28+00:00 CRITICAL Uncaught Error: Call to undefined function userLog() in C:\Users\KDerot\Local Sites\estore\app\public\wp-content\themes\storefront-child\header.php:66
Stack trace:
#0 C:\Users\KDerot\Local Sites\estore\app\public\wp-includes\template.php(770): require_once()
#1 C:\Users\KDerot\Local Sites\estore\app\public\wp-includes\template.php(716): load_template('C:\\Users\\KDerot...', true, Array)
#2 C:\Users\KDerot\Local Sites\estore\app\public\wp-includes\general-template.php(48): locate_template(Array, true, true, Array)
#3 C:\Users\KDerot\Local Sites\estore\app\public\wp-content\themes\storefront-child\template-homepage.php(15): get_header()
#4 C:\Users\KDerot\Local Sites\estore\app\public\wp-includes\template-loader.php(106): include('C:\\Users\\KDerot...')
#5 C:\Users\KDerot\Local Sites\estore\app\public\wp-blog-header.php(19): require_once('C:\\Users\\KDerot...')
#6 C:\Users\KDerot\Local Sites\estore\app\public\index.php(17): require('C:\\Users\\KDerot...')
#7 {main}
  thrown dans C:\Users\KDerot\Local Sites\estore\app\public\wp-content\themes\storefront-child\header.php à la ligne 66

2021-10-29T07:45:30+00:00 CRITICAL Uncaught Error: Call to undefined function userLog() in C:\Users\KDerot\Local Sites\estore\app\public\wp-content\themes\storefront-child\header.php:66
Stack trace:
#0 C:\Users\KDerot\Local Sites\estore\app\public\wp-includes\template.php(770): require_once()
#1 C:\Users\KDerot\Local Sites\estore\app\public\wp-includes\template.php(716): load_template('C:\\Users\\KDerot...', true, Array)
#2 C:\Users\KDerot\Local Sites\estore\app\public\wp-includes\general-template.php(48): locate_template(Array, true, true, Array)
#3 C:\Users\KDerot\Local Sites\estore\app\public\wp-content\themes\storefront\404.php(8): get_header()
#4 C:\Users\KDerot\Local Sites\estore\app\public\wp-includes\template-loader.php(106): include('C:\\Users\\KDerot...')
#5 C:\Users\KDerot\Local Sites\estore\app\public\wp-blog-header.php(19): require_once('C:\\Users\\KDerot...')
#6 C:\Users\KDerot\Local Sites\estore\app\public\index.php(17): require('C:\\Users\\KDerot...')
#7 {main}
  thrown dans C:\Users\KDerot\Local Sites\estore\app\public\wp-content\themes\storefront-child\header.php à la ligne 66

2021-10-29T08:36:23+00:00 CRITICAL Uncaught Error: Call to undefined function new_user() in C:\Users\KDerot\Local Sites\estore\app\public\wp-content\themes\storefront-child\header.php:67
Stack trace:
#0 C:\Users\KDerot\Local Sites\estore\app\public\wp-includes\template.php(770): require_once()
#1 C:\Users\KDerot\Local Sites\estore\app\public\wp-includes\template.php(716): load_template('C:\\Users\\KDerot...', true, Array)
#2 C:\Users\KDerot\Local Sites\estore\app\public\wp-includes\general-template.php(48): locate_template(Array, true, true, Array)
#3 C:\Users\KDerot\Local Sites\estore\app\public\wp-content\themes\storefront-child\template-homepage.php(15): get_header()
#4 C:\Users\KDerot\Local Sites\estore\app\public\wp-includes\template-loader.php(106): include('C:\\Users\\KDerot...')
#5 C:\Users\KDerot\Local Sites\estore\app\public\wp-blog-header.php(19): require_once('C:\\Users\\KDerot...')
#6 C:\Users\KDerot\Local Sites\estore\app\public\index.php(17): require('C:\\Users\\KDerot...')
#7 {main}
  thrown dans C:\Users\KDerot\Local Sites\estore\app\public\wp-content\themes\storefront-child\header.php à la ligne 67

2021-10-29T08:36:24+00:00 CRITICAL Uncaught Error: Call to undefined function new_user() in C:\Users\KDerot\Local Sites\estore\app\public\wp-content\themes\storefront-child\header.php:67
Stack trace:
#0 C:\Users\KDerot\Local Sites\estore\app\public\wp-includes\template.php(770): require_once()
#1 C:\Users\KDerot\Local Sites\estore\app\public\wp-includes\template.php(716): load_template('C:\\Users\\KDerot...', true, Array)
#2 C:\Users\KDerot\Local Sites\estore\app\public\wp-includes\general-template.php(48): locate_template(Array, true, true, Array)
#3 C:\Users\KDerot\Local Sites\estore\app\public\wp-content\themes\storefront\404.php(8): get_header()
#4 C:\Users\KDerot\Local Sites\estore\app\public\wp-includes\template-loader.php(106): include('C:\\Users\\KDerot...')
#5 C:\Users\KDerot\Local Sites\estore\app\public\wp-blog-header.php(19): require_once('C:\\Users\\KDerot...')
#6 C:\Users\KDerot\Local Sites\estore\app\public\index.php(17): require('C:\\Users\\KDerot...')
#7 {main}
  thrown dans C:\Users\KDerot\Local Sites\estore\app\public\wp-content\themes\storefront-child\header.php à la ligne 67

2021-10-29T08:36:38+00:00 CRITICAL Uncaught Error: Call to undefined function new_user() in C:\Users\KDerot\Local Sites\estore\app\public\wp-content\themes\storefront-child\header.php:67
Stack trace:
#0 C:\Users\KDerot\Local Sites\estore\app\public\wp-includes\template.php(770): require_once()
#1 C:\Users\KDerot\Local Sites\estore\app\public\wp-includes\template.php(716): load_template('C:\\Users\\KDerot...', true, Array)
#2 C:\Users\KDerot\Local Sites\estore\app\public\wp-includes\general-template.php(48): locate_template(Array, true, true, Array)
#3 C:\Users\KDerot\Local Sites\estore\app\public\wp-content\themes\storefront-child\template-homepage.php(15): get_header()
#4 C:\Users\KDerot\Local Sites\estore\app\public\wp-includes\template-loader.php(106): include('C:\\Users\\KDerot...')
#5 C:\Users\KDerot\Local Sites\estore\app\public\wp-blog-header.php(19): require_once('C:\\Users\\KDerot...')
#6 C:\Users\KDerot\Local Sites\estore\app\public\index.php(17): require('C:\\Users\\KDerot...')
#7 {main}
  thrown dans C:\Users\KDerot\Local Sites\estore\app\public\wp-content\themes\storefront-child\header.php à la ligne 67

2021-10-29T08:36:40+00:00 CRITICAL Uncaught Error: Call to undefined function new_user() in C:\Users\KDerot\Local Sites\estore\app\public\wp-content\themes\storefront-child\header.php:67
Stack trace:
#0 C:\Users\KDerot\Local Sites\estore\app\public\wp-includes\template.php(770): require_once()
#1 C:\Users\KDerot\Local Sites\estore\app\public\wp-includes\template.php(716): load_template('C:\\Users\\KDerot...', true, Array)
#2 C:\Users\KDerot\Local Sites\estore\app\public\wp-includes\general-template.php(48): locate_template(Array, true, true, Array)
#3 C:\Users\KDerot\Local Sites\estore\app\public\wp-content\themes\storefront\404.php(8): get_header()
#4 C:\Users\KDerot\Local Sites\estore\app\public\wp-includes\template-loader.php(106): include('C:\\Users\\KDerot...')
#5 C:\Users\KDerot\Local Sites\estore\app\public\wp-blog-header.php(19): require_once('C:\\Users\\KDerot...')
#6 C:\Users\KDerot\Local Sites\estore\app\public\index.php(17): require('C:\\Users\\KDerot...')
#7 {main}
  thrown dans C:\Users\KDerot\Local Sites\estore\app\public\wp-content\themes\storefront-child\header.php à la ligne 67

2021-10-29T08:36:44+00:00 CRITICAL Uncaught Error: Call to undefined function new_user() in C:\Users\KDerot\Local Sites\estore\app\public\wp-content\themes\storefront-child\header.php:67
Stack trace:
#0 C:\Users\KDerot\Local Sites\estore\app\public\wp-includes\template.php(770): require_once()
#1 C:\Users\KDerot\Local Sites\estore\app\public\wp-includes\template.php(716): load_template('C:\\Users\\KDerot...', true, Array)
#2 C:\Users\KDerot\Local Sites\estore\app\public\wp-includes\general-template.php(48): locate_template(Array, true, true, Array)
#3 C:\Users\KDerot\Local Sites\estore\app\public\wp-content\themes\storefront-child\template-homepage.php(15): get_header()
#4 C:\Users\KDerot\Local Sites\estore\app\public\wp-includes\template-loader.php(106): include('C:\\Users\\KDerot...')
#5 C:\Users\KDerot\Local Sites\estore\app\public\wp-blog-header.php(19): require_once('C:\\Users\\KDerot...')
#6 C:\Users\KDerot\Local Sites\estore\app\public\index.php(17): require('C:\\Users\\KDerot...')
#7 {main}
  thrown dans C:\Users\KDerot\Local Sites\estore\app\public\wp-content\themes\storefront-child\header.php à la ligne 67

2021-10-29T08:36:46+00:00 CRITICAL Uncaught Error: Call to undefined function new_user() in C:\Users\KDerot\Local Sites\estore\app\public\wp-content\themes\storefront-child\header.php:67
Stack trace:
#0 C:\Users\KDerot\Local Sites\estore\app\public\wp-includes\template.php(770): require_once()
#1 C:\Users\KDerot\Local Sites\estore\app\public\wp-includes\template.php(716): load_template('C:\\Users\\KDerot...', true, Array)
#2 C:\Users\KDerot\Local Sites\estore\app\public\wp-includes\general-template.php(48): locate_template(Array, true, true, Array)
#3 C:\Users\KDerot\Local Sites\estore\app\public\wp-content\themes\storefront\404.php(8): get_header()
#4 C:\Users\KDerot\Local Sites\estore\app\public\wp-includes\template-loader.php(106): include('C:\\Users\\KDerot...')
#5 C:\Users\KDerot\Local Sites\estore\app\public\wp-blog-header.php(19): require_once('C:\\Users\\KDerot...')
#6 C:\Users\KDerot\Local Sites\estore\app\public\index.php(17): require('C:\\Users\\KDerot...')
#7 {main}
  thrown dans C:\Users\KDerot\Local Sites\estore\app\public\wp-content\themes\storefront-child\header.php à la ligne 67

2021-10-29T08:37:03+00:00 CRITICAL Uncaught Error: Call to undefined function new_user() in C:\Users\KDerot\Local Sites\estore\app\public\wp-content\themes\storefront-child\header.php:67
Stack trace:
#0 C:\Users\KDerot\Local Sites\estore\app\public\wp-includes\template.php(770): require_once()
#1 C:\Users\KDerot\Local Sites\estore\app\public\wp-includes\template.php(716): load_template('C:\\Users\\KDerot...', true, Array)
#2 C:\Users\KDerot\Local Sites\estore\app\public\wp-includes\general-template.php(48): locate_template(Array, true, true, Array)
#3 C:\Users\KDerot\Local Sites\estore\app\public\wp-content\themes\storefront-child\template-homepage.php(15): get_header()
#4 C:\Users\KDerot\Local Sites\estore\app\public\wp-includes\template-loader.php(106): include('C:\\Users\\KDerot...')
#5 C:\Users\KDerot\Local Sites\estore\app\public\wp-blog-header.php(19): require_once('C:\\Users\\KDerot...')
#6 C:\Users\KDerot\Local Sites\estore\app\public\index.php(17): require('C:\\Users\\KDerot...')
#7 {main}
  thrown dans C:\Users\KDerot\Local Sites\estore\app\public\wp-content\themes\storefront-child\header.php à la ligne 67

2021-10-29T08:37:05+00:00 CRITICAL Uncaught Error: Call to undefined function new_user() in C:\Users\KDerot\Local Sites\estore\app\public\wp-content\themes\storefront-child\header.php:67
Stack trace:
#0 C:\Users\KDerot\Local Sites\estore\app\public\wp-includes\template.php(770): require_once()
#1 C:\Users\KDerot\Local Sites\estore\app\public\wp-includes\template.php(716): load_template('C:\\Users\\KDerot...', true, Array)
#2 C:\Users\KDerot\Local Sites\estore\app\public\wp-includes\general-template.php(48): locate_template(Array, true, true, Array)
#3 C:\Users\KDerot\Local Sites\estore\app\public\wp-content\themes\storefront\404.php(8): get_header()
#4 C:\Users\KDerot\Local Sites\estore\app\public\wp-includes\template-loader.php(106): include('C:\\Users\\KDerot...')
#5 C:\Users\KDerot\Local Sites\estore\app\public\wp-blog-header.php(19): require_once('C:\\Users\\KDerot...')
#6 C:\Users\KDerot\Local Sites\estore\app\public\index.php(17): require('C:\\Users\\KDerot...')
#7 {main}
  thrown dans C:\Users\KDerot\Local Sites\estore\app\public\wp-content\themes\storefront-child\header.php à la ligne 67

2021-10-29T08:39:12+00:00 CRITICAL Uncaught Error: Call to undefined function new_user() in C:\Users\KDerot\Local Sites\estore\app\public\wp-content\themes\storefront-child\header.php:67
Stack trace:
#0 C:\Users\KDerot\Local Sites\estore\app\public\wp-includes\template.php(770): require_once()
#1 C:\Users\KDerot\Local Sites\estore\app\public\wp-includes\template.php(716): load_template('C:\\Users\\KDerot...', true, Array)
#2 C:\Users\KDerot\Local Sites\estore\app\public\wp-includes\general-template.php(48): locate_template(Array, true, true, Array)
#3 C:\Users\KDerot\Local Sites\estore\app\public\wp-content\themes\storefront-child\template-homepage.php(15): get_header()
#4 C:\Users\KDerot\Local Sites\estore\app\public\wp-includes\template-loader.php(106): include('C:\\Users\\KDerot...')
#5 C:\Users\KDerot\Local Sites\estore\app\public\wp-blog-header.php(19): require_once('C:\\Users\\KDerot...')
#6 C:\Users\KDerot\Local Sites\estore\app\public\index.php(17): require('C:\\Users\\KDerot...')
#7 {main}
  thrown dans C:\Users\KDerot\Local Sites\estore\app\public\wp-content\themes\storefront-child\header.php à la ligne 67

2021-10-29T08:39:14+00:00 CRITICAL Uncaught Error: Call to undefined function new_user() in C:\Users\KDerot\Local Sites\estore\app\public\wp-content\themes\storefront-child\header.php:67
Stack trace:
#0 C:\Users\KDerot\Local Sites\estore\app\public\wp-includes\template.php(770): require_once()
#1 C:\Users\KDerot\Local Sites\estore\app\public\wp-includes\template.php(716): load_template('C:\\Users\\KDerot...', true, Array)
#2 C:\Users\KDerot\Local Sites\estore\app\public\wp-includes\general-template.php(48): locate_template(Array, true, true, Array)
#3 C:\Users\KDerot\Local Sites\estore\app\public\wp-content\themes\storefront\404.php(8): get_header()
#4 C:\Users\KDerot\Local Sites\estore\app\public\wp-includes\template-loader.php(106): include('C:\\Users\\KDerot...')
#5 C:\Users\KDerot\Local Sites\estore\app\public\wp-blog-header.php(19): require_once('C:\\Users\\KDerot...')
#6 C:\Users\KDerot\Local Sites\estore\app\public\index.php(17): require('C:\\Users\\KDerot...')
#7 {main}
  thrown dans C:\Users\KDerot\Local Sites\estore\app\public\wp-content\themes\storefront-child\header.php à la ligne 67

2021-10-29T08:39:19+00:00 CRITICAL Uncaught Error: Call to undefined function new_user() in C:\Users\KDerot\Local Sites\estore\app\public\wp-content\themes\storefront-child\header.php:67
Stack trace:
#0 C:\Users\KDerot\Local Sites\estore\app\public\wp-includes\template.php(770): require_once()
#1 C:\Users\KDerot\Local Sites\estore\app\public\wp-includes\template.php(716): load_template('C:\\Users\\KDerot...', true, Array)
#2 C:\Users\KDerot\Local Sites\estore\app\public\wp-includes\general-template.php(48): locate_template(Array, true, true, Array)
#3 C:\Users\KDerot\Local Sites\estore\app\public\wp-content\themes\storefront-child\template-homepage.php(15): get_header()
#4 C:\Users\KDerot\Local Sites\estore\app\public\wp-includes\template-loader.php(106): include('C:\\Users\\KDerot...')
#5 C:\Users\KDerot\Local Sites\estore\app\public\wp-blog-header.php(19): require_once('C:\\Users\\KDerot...')
#6 C:\Users\KDerot\Local Sites\estore\app\public\index.php(17): require('C:\\Users\\KDerot...')
#7 {main}
  thrown dans C:\Users\KDerot\Local Sites\estore\app\public\wp-content\themes\storefront-child\header.php à la ligne 67

2021-10-29T08:39:21+00:00 CRITICAL Uncaught Error: Call to undefined function new_user() in C:\Users\KDerot\Local Sites\estore\app\public\wp-content\themes\storefront-child\header.php:67
Stack trace:
#0 C:\Users\KDerot\Local Sites\estore\app\public\wp-includes\template.php(770): require_once()
#1 C:\Users\KDerot\Local Sites\estore\app\public\wp-includes\template.php(716): load_template('C:\\Users\\KDerot...', true, Array)
#2 C:\Users\KDerot\Local Sites\estore\app\public\wp-includes\general-template.php(48): locate_template(Array, true, true, Array)
#3 C:\Users\KDerot\Local Sites\estore\app\public\wp-content\themes\storefront\404.php(8): get_header()
#4 C:\Users\KDerot\Local Sites\estore\app\public\wp-includes\template-loader.php(106): include('C:\\Users\\KDerot...')
#5 C:\Users\KDerot\Local Sites\estore\app\public\wp-blog-header.php(19): require_once('C:\\Users\\KDerot...')
#6 C:\Users\KDerot\Local Sites\estore\app\public\index.php(17): require('C:\\Users\\KDerot...')
#7 {main}
  thrown dans C:\Users\KDerot\Local Sites\estore\app\public\wp-content\themes\storefront-child\header.php à la ligne 67

2021-10-29T11:53:13+00:00 CRITICAL syntax error, unexpected '{', expecting '(' dans C:\Users\KDerot\Local Sites\estore\app\public\wp-content\themes\storefront-child\functions.php à la ligne 139

2021-10-29T11:53:14+00:00 CRITICAL syntax error, unexpected '{', expecting '(' dans C:\Users\KDerot\Local Sites\estore\app\public\wp-content\themes\storefront-child\functions.php à la ligne 139

2021-10-29T12:49:09+00:00 CRITICAL Object of class WP_User could not be converted to string dans C:\Users\KDerot\Local Sites\estore\app\public\wp-content\themes\storefront-child\header.php à la ligne 68

2021-10-29T12:49:11+00:00 CRITICAL Object of class WP_User could not be converted to string dans C:\Users\KDerot\Local Sites\estore\app\public\wp-content\themes\storefront-child\header.php à la ligne 68

2021-10-29T12:49:22+00:00 CRITICAL Object of class WP_User could not be converted to string dans C:\Users\KDerot\Local Sites\estore\app\public\wp-content\themes\storefront-child\header.php à la ligne 68

2021-10-29T12:49:23+00:00 CRITICAL Object of class WP_User could not be converted to string dans C:\Users\KDerot\Local Sites\estore\app\public\wp-content\themes\storefront-child\header.php à la ligne 68

2021-10-29T12:49:48+00:00 CRITICAL Object of class WP_User could not be converted to string dans C:\Users\KDerot\Local Sites\estore\app\public\wp-content\themes\storefront-child\header.php à la ligne 68

2021-10-29T12:49:50+00:00 CRITICAL Object of class WP_User could not be converted to string dans C:\Users\KDerot\Local Sites\estore\app\public\wp-content\themes\storefront-child\header.php à la ligne 68

2021-10-29T13:21:41+00:00 CRITICAL Uncaught Error: Call to undefined function the_field() in C:\Users\KDerot\Local Sites\estore\app\public\wp-content\themes\storefront-child\content-homepage.php:19
Stack trace:
#0 C:\Users\KDerot\Local Sites\estore\app\public\wp-includes\template.php(772): require()
#1 C:\Users\KDerot\Local Sites\estore\app\public\wp-includes\template.php(716): load_template('C:\\Users\\KDerot...', false, Array)
#2 C:\Users\KDerot\Local Sites\estore\app\public\wp-includes\general-template.php(204): locate_template(Array, true, false, Array)
#3 C:\Users\KDerot\Local Sites\estore\app\public\wp-content\themes\storefront\inc\storefront-template-functions.php(612): get_template_part('content', 'homepage')
#4 C:\Users\KDerot\Local Sites\estore\app\public\wp-includes\class-wp-hook.php(303): storefront_homepage_content('')
#5 C:\Users\KDerot\Local Sites\estore\app\public\wp-includes\class-wp-hook.php(327): WP_Hook->apply_filters('', Array)
#6 C:\Users\KDerot\Local Sites\estore\app\public\wp-includes\plugin.php(470): WP_Hook->do_action dans C:\Users\KDerot\Local Sites\estore\app\public\wp-content\themes\storefront-child\content-homepage.php à la ligne 19

2021-10-29T13:21:59+00:00 CRITICAL Uncaught Error: Call to undefined function the_field() in C:\Users\KDerot\Local Sites\estore\app\public\wp-content\themes\storefront-child\content-homepage.php:19
Stack trace:
#0 C:\Users\KDerot\Local Sites\estore\app\public\wp-includes\template.php(772): require()
#1 C:\Users\KDerot\Local Sites\estore\app\public\wp-includes\template.php(716): load_template('C:\\Users\\KDerot...', false, Array)
#2 C:\Users\KDerot\Local Sites\estore\app\public\wp-includes\general-template.php(204): locate_template(Array, true, false, Array)
#3 C:\Users\KDerot\Local Sites\estore\app\public\wp-content\themes\storefront\inc\storefront-template-functions.php(612): get_template_part('content', 'homepage')
#4 C:\Users\KDerot\Local Sites\estore\app\public\wp-includes\class-wp-hook.php(303): storefront_homepage_content('')
#5 C:\Users\KDerot\Local Sites\estore\app\public\wp-includes\class-wp-hook.php(327): WP_Hook->apply_filters('', Array)
#6 C:\Users\KDerot\Local Sites\estore\app\public\wp-includes\plugin.php(470): WP_Hook->do_action dans C:\Users\KDerot\Local Sites\estore\app\public\wp-content\themes\storefront-child\content-homepage.php à la ligne 19

